#
# There is insufficient memory for the Java Runtime Environment to continue.
# Native memory allocation (malloc) failed to allocate 84934656 bytes for committing reserved memory.
# Possible reasons:
#   The system is out of physical RAM or swap space
#   In 32 bit mode, the process size limit was hit
# Possible solutions:
#   Reduce memory load on the system
#   Increase physical memory or swap space
#   Check if swap backing store is full
#   Use 64 bit Java on a 64 bit OS
#   Decrease Java heap size (-Xmx/-Xms)
#   Decrease number of Java threads
#   Decrease Java thread stack sizes (-Xss)
#   Set larger code cache with -XX:ReservedCodeCacheSize=
# This output file may be truncated or incomplete.
#
#  Out of Memory Error (os_linux.cpp:2756), pid=19865, tid=1814035264
#
# JRE version: Java(TM) SE Runtime Environment (7.0_80-b15) (build 1.7.0_80-b15)
# Java VM: Java HotSpot(TM) Server VM (24.80-b11 mixed mode linux-x86 )
# Failed to write core dump. Core dumps have been disabled. To enable core dumping, try "ulimit -c unlimited" before starting Java again
#

---------------  T H R E A D  ---------------

Current thread (0x6c080400):  VMThread [stack: 0x6c17f000,0x6c200000] [id=19896]

Stack: [0x6c17f000,0x6c200000],  sp=0x6c1fe820,  free space=510k
Native frames: (J=compiled Java code, j=interpreted, Vv=VM code, C=native code)
V  [libjvm.so+0x7ea656]  VMError::report_and_die()+0x1a6
V  [libjvm.so+0x33eb82]  report_vm_out_of_memory(char const*, int, unsigned int, char const*)+0x72
V  [libjvm.so+0x687fb1]  os::Linux::commit_memory_impl(char*, unsigned int, bool)+0xe1
V  [libjvm.so+0x688478]  os::pd_commit_memory(char*, unsigned int, unsigned int, bool)+0x28
V  [libjvm.so+0x681b2c]  os::commit_memory(char*, unsigned int, unsigned int, bool)+0x2c
V  [libjvm.so+0x6ea8d8]  PSVirtualSpace::expand_by(unsigned int)+0x48
V  [libjvm.so+0x6eb9da]  PSYoungGen::resize_generation(unsigned int, unsigned int)+0xda
V  [libjvm.so+0x6ead19]  PSYoungGen::resize(unsigned int, unsigned int)+0x19
V  [libjvm.so+0x6e8649]  PSScavenge::invoke_no_policy()+0xcf9
V  [libjvm.so+0x6e8ea8]  PSScavenge::invoke()+0x28
V  [libjvm.so+0x6a851a]  ParallelScavengeHeap::failed_mem_allocate(unsigned int)+0x5a
V  [libjvm.so+0x7ebeea]  VM_ParallelGCFailedAllocation::doit()+0x7a
V  [libjvm.so+0x7f4d07]  VM_Operation::evaluate()+0x47
V  [libjvm.so+0x7f2da3]  VMThread::evaluate_operation(VM_Operation*)+0xb3
V  [libjvm.so+0x7f3140]  VMThread::loop()+0x1b0
V  [libjvm.so+0x7f35a5]  VMThread::run()+0x85
V  [libjvm.so+0x68a249]  java_start(Thread*)+0x119
C  [libpthread.so.0+0x6f70]  start_thread+0xd0

VM_Operation (0x6b6ad6b4): ParallelGCFailedAllocation, mode: safepoint, requested by thread 0x6b72d800


---------------  P R O C E S S  ---------------

Java Threads: ( => current thread )
  0x6b730000 JavaThread "pool-1-thread-4" [_thread_blocked, id=19944, stack(0x6b5bc000,0x6b60d000)]
  0x6b72f400 JavaThread "pool-1-thread-3" [_thread_blocked, id=19943, stack(0x6b60d000,0x6b65e000)]
  0x6b72d800 JavaThread "pool-1-thread-2" [_thread_blocked, id=19939, stack(0x6b65e000,0x6b6af000)]
  0x6b72bc00 JavaThread "pool-2-thread-1" [_thread_blocked, id=19936, stack(0x6b6af000,0x6b700000)]
  0x6b72a800 JavaThread "pool-1-thread-1" [_thread_blocked, id=19929, stack(0x6b82a000,0x6b87b000)]
  0x6c09a800 JavaThread "Service Thread" daemon [_thread_blocked, id=19917, stack(0x6b8fc000,0x6b94d000)]
  0x6c098c00 JavaThread "C2 CompilerThread1" daemon [_thread_blocked, id=19916, stack(0x6b94d000,0x6b9ce000)]
  0x6c096c00 JavaThread "C2 CompilerThread0" daemon [_thread_blocked, id=19913, stack(0x6be2e000,0x6beaf000)]
  0x6c095400 JavaThread "Signal Dispatcher" daemon [_thread_blocked, id=19908, stack(0x6beaf000,0x6bf00000)]
  0x6c084800 JavaThread "Finalizer" daemon [_thread_blocked, id=19905, stack(0x6c12e000,0x6c17f000)]
  0x6c083000 JavaThread "Reference Handler" daemon [_thread_blocked, id=19900, stack(0x6eb2e000,0x6eb7f000)]
  0xb6607800 JavaThread "main" [_thread_blocked, id=19876, stack(0xb6774000,0xb67c5000)]

Other Threads:
=>0x6c080400 VMThread [stack: 0x6c17f000,0x6c200000] [id=19896]
  0x6c0a4800 WatcherThread [stack: 0x6b87b000,0x6b8fc000] [id=19922]

VM state:at safepoint (normal execution)

VM Mutex/Monitor currently owned by a thread:  ([mutex/lock_event])
[0xb6604e20] Threads_lock - owner thread: 0x6c080400
[0xb6605230] Heap_lock - owner thread: 0x6b72d800

Heap
 PSYoungGen      total 64000K, used 2556K [0x9df80000, 0xa2080000, 0xb3500000)
  eden space 61440K, 0% used [0x9df80000,0x9df80000,0xa1b80000)
  from space 2560K, 99% used [0xa1b80000,0xa1dff1f8,0xa1e00000)
  to   space 2560K, 0% used [0xa1e00000,0xa1e00000,0xa2080000)
 ParOldGen       total 40960K, used 25373K [0x73500000, 0x75d00000, 0x9df80000)
  object space 40960K, 61% used [0x73500000,0x74dc7750,0x75d00000)
 PSPermGen       total 16384K, used 3880K [0x6f500000, 0x70500000, 0x73500000)
  object space 16384K, 23% used [0x6f500000,0x6f8ca168,0x70500000)

Card table byte_map: [0x6f2df000,0x6f500000] byte_map_base: 0x6ef64800

Polling page: 0xb7706000

Code Cache  [0xb35db000, 0xb381b000, 0xb65db000)
 total_blobs=371 nmethods=248 adapters=76 free_code_cache=48180Kb largest_free_block=49268672

Compilation events (10 events):
Event: 17,906 Thread 0x6c098c00 nmethod 252 0xb36b66c8 code [0xb36b6a60, 0xb36b91a0]
Event: 17,906 Thread 0x6c098c00  253             java.util.BitSet::ensureCapacity (39 bytes)
Event: 17,922 Thread 0x6c098c00 nmethod 253 0xb3648708 code [0xb3648800, 0xb36489d0]
Event: 17,922 Thread 0x6c098c00  254   !         com.android.dx.rop.cst.StdConstantPool::get (24 bytes)
Event: 17,939 Thread 0x6c098c00 nmethod 254 0xb368d1c8 code [0xb368d2c0, 0xb368d350]
Event: 17,939 Thread 0x6c098c00  255             com.android.dx.util.IntList::contains (14 bytes)
Event: 17,957 Thread 0x6c096c00 nmethod 238 0xb36c7948 code [0xb36c8460, 0xb36cecd0]
Event: 17,957 Thread 0x6c096c00  257             com.android.dx.cf.code.Frame::getStack (5 bytes)
Event: 17,957 Thread 0x6c096c00 nmethod 257 0xb36906c8 code [0xb36907a0, 0xb36907f0]
Event: 17,957 Thread 0x6c096c00  258   !         com.android.dx.cf.code.Ropper::processBlock (1101 bytes)

GC Heap History (9 events):
Event: 2,799 GC heap before
{Heap before GC invocations=1 (full 0):
 PSYoungGen      total 17920K, used 15360K [0x9df80000, 0x9f380000, 0xb3500000)
  eden space 15360K, 100% used [0x9df80000,0x9ee80000,0x9ee80000)
  from space 2560K, 0% used [0x9f100000,0x9f100000,0x9f380000)
  to   space 2560K, 0% used [0x9ee80000,0x9ee80000,0x9f100000)
 ParOldGen       total 40960K, used 0K [0x73500000, 0x75d00000, 0x9df80000)
  object space 40960K, 0% used [0x73500000,0x73500000,0x75d00000)
 PSPermGen       total 16384K, used 3700K [0x6f500000, 0x70500000, 0x73500000)
  object space 16384K, 22% used [0x6f500000,0x6f89d0d0,0x70500000)
Event: 2,846 GC heap after
Heap after GC invocations=1 (full 0):
 PSYoungGen      total 17920K, used 2550K [0x9df80000, 0xa0280000, 0xb3500000)
  eden space 15360K, 0% used [0x9df80000,0x9df80000,0x9ee80000)
  from space 2560K, 99% used [0x9ee80000,0x9f0fdb08,0x9f100000)
  to   space 2560K, 0% used [0xa0000000,0xa0000000,0xa0280000)
 ParOldGen       total 40960K, used 1710K [0x73500000, 0x75d00000, 0x9df80000)
  object space 40960K, 4% used [0x73500000,0x736ab908,0x75d00000)
 PSPermGen       total 16384K, used 3700K [0x6f500000, 0x70500000, 0x73500000)
  object space 16384K, 22% used [0x6f500000,0x6f89d0d0,0x70500000)
}
Event: 4,410 GC heap before
{Heap before GC invocations=2 (full 0):
 PSYoungGen      total 17920K, used 17910K [0x9df80000, 0xa0280000, 0xb3500000)
  eden space 15360K, 100% used [0x9df80000,0x9ee80000,0x9ee80000)
  from space 2560K, 99% used [0x9ee80000,0x9f0fdb08,0x9f100000)
  to   space 2560K, 0% used [0xa0000000,0xa0000000,0xa0280000)
 ParOldGen       total 40960K, used 1710K [0x73500000, 0x75d00000, 0x9df80000)
  object space 40960K, 4% used [0x73500000,0x736ab908,0x75d00000)
 PSPermGen       total 16384K, used 3795K [0x6f500000, 0x70500000, 0x73500000)
  object space 16384K, 23% used [0x6f500000,0x6f8b4c00,0x70500000)
Event: 4,720 GC heap after
Heap after GC invocations=2 (full 0):
 PSYoungGen      total 33280K, used 2546K [0x9df80000, 0xa0280000, 0xb3500000)
  eden space 30720K, 0% used [0x9df80000,0x9df80000,0x9fd80000)
  from space 2560K, 99% used [0xa0000000,0xa027c960,0xa0280000)
  to   space 2560K, 0% used [0x9fd80000,0x9fd80000,0xa0000000)
 ParOldGen       total 40960K, used 4448K [0x73500000, 0x75d00000, 0x9df80000)
  object space 40960K, 10% used [0x73500000,0x73958198,0x75d00000)
 PSPermGen       total 16384K, used 3795K [0x6f500000, 0x70500000, 0x73500000)
  object space 16384K, 23% used [0x6f500000,0x6f8b4c00,0x70500000)
}
Event: 7,747 GC heap before
{Heap before GC invocations=3 (full 0):
 PSYoungGen      total 33280K, used 33266K [0x9df80000, 0xa0280000, 0xb3500000)
  eden space 30720K, 100% used [0x9df80000,0x9fd80000,0x9fd80000)
  from space 2560K, 99% used [0xa0000000,0xa027c960,0xa0280000)
  to   space 2560K, 0% used [0x9fd80000,0x9fd80000,0xa0000000)
 ParOldGen       total 40960K, used 4448K [0x73500000, 0x75d00000, 0x9df80000)
  object space 40960K, 10% used [0x73500000,0x73958198,0x75d00000)
 PSPermGen       total 16384K, used 3836K [0x6f500000, 0x70500000, 0x73500000)
  object space 16384K, 23% used [0x6f500000,0x6f8bf2b8,0x70500000)
Event: 7,840 GC heap after
Heap after GC invocations=3 (full 0):
 PSYoungGen      total 33280K, used 2557K [0x9df80000, 0xa2080000, 0xb3500000)
  eden space 30720K, 0% used [0x9df80000,0x9df80000,0x9fd80000)
  from space 2560K, 99% used [0x9fd80000,0x9ffff7d0,0xa0000000)
  to   space 2560K, 0% used [0xa1e00000,0xa1e00000,0xa2080000)
 ParOldGen       total 40960K, used 10036K [0x73500000, 0x75d00000, 0x9df80000)
  object space 40960K, 24% used [0x73500000,0x73ecd058,0x75d00000)
 PSPermGen       total 16384K, used 3836K [0x6f500000, 0x70500000, 0x73500000)
  object space 16384K, 23% used [0x6f500000,0x6f8bf2b8,0x70500000)
}
Event: 10,488 GC heap before
{Heap before GC invocations=4 (full 0):
 PSYoungGen      total 33280K, used 33277K [0x9df80000, 0xa2080000, 0xb3500000)
  eden space 30720K, 100% used [0x9df80000,0x9fd80000,0x9fd80000)
  from space 2560K, 99% used [0x9fd80000,0x9ffff7d0,0xa0000000)
  to   space 2560K, 0% used [0xa1e00000,0xa1e00000,0xa2080000)
 ParOldGen       total 40960K, used 10036K [0x73500000, 0x75d00000, 0x9df80000)
  object space 40960K, 24% used [0x73500000,0x73ecd058,0x75d00000)
 PSPermGen       total 16384K, used 3850K [0x6f500000, 0x70500000, 0x73500000)
  object space 16384K, 23% used [0x6f500000,0x6f8c2bc8,0x70500000)
Event: 10,612 GC heap after
Heap after GC invocations=4 (full 0):
 PSYoungGen      total 64000K, used 2553K [0x9df80000, 0xa2080000, 0xb3500000)
  eden space 61440K, 0% used [0x9df80000,0x9df80000,0xa1b80000)
  from space 2560K, 99% used [0xa1e00000,0xa207e5c0,0xa2080000)
  to   space 2560K, 0% used [0xa1b80000,0xa1b80000,0xa1e00000)
 ParOldGen       total 40960K, used 15242K [0x73500000, 0x75d00000, 0x9df80000)
  object space 40960K, 37% used [0x73500000,0x743e2a50,0x75d00000)
 PSPermGen       total 16384K, used 3850K [0x6f500000, 0x70500000, 0x73500000)
  object space 16384K, 23% used [0x6f500000,0x6f8c2bc8,0x70500000)
}
Event: 17,971 GC heap before
{Heap before GC invocations=5 (full 0):
 PSYoungGen      total 64000K, used 63993K [0x9df80000, 0xa2080000, 0xb3500000)
  eden space 61440K, 100% used [0x9df80000,0xa1b80000,0xa1b80000)
  from space 2560K, 99% used [0xa1e00000,0xa207e5c0,0xa2080000)
  to   space 2560K, 0% used [0xa1b80000,0xa1b80000,0xa1e00000)
 ParOldGen       total 40960K, used 15242K [0x73500000, 0x75d00000, 0x9df80000)
  object space 40960K, 37% used [0x73500000,0x743e2a50,0x75d00000)
 PSPermGen       total 16384K, used 3880K [0x6f500000, 0x70500000, 0x73500000)
  object space 16384K, 23% used [0x6f500000,0x6f8ca168,0x70500000)

Deoptimization events (10 events):
Event: 7,490 Thread 0x6b72f400 Uncommon trap: reason=null_check action=make_not_entrant pc=0xb3680094 method=com.android.dx.ssa.SsaRenamer.getLocalForNewReg(I)Lcom/android/dx/rop/code/LocalItem; @ 19
Event: 7,899 Thread 0x6b72a800 Uncommon trap: reason=class_check action=maybe_recompile pc=0xb36611a0 method=java.util.HashMap.put(Ljava/lang/Object;Ljava/lang/Object;)Ljava/lang/Object; @ 83
Event: 8,096 Thread 0x6b72d800 Uncommon trap: reason=class_check action=maybe_recompile pc=0xb36611a0 method=java.util.HashMap.put(Ljava/lang/Object;Ljava/lang/Object;)Ljava/lang/Object; @ 83
Event: 8,096 Thread 0x6b72d800 Uncommon trap: reason=class_check action=maybe_recompile pc=0xb36611a0 method=java.util.HashMap.put(Ljava/lang/Object;Ljava/lang/Object;)Ljava/lang/Object; @ 83
Event: 8,096 Thread 0x6b72d800 Uncommon trap: reason=class_check action=maybe_recompile pc=0xb36611a0 method=java.util.HashMap.put(Ljava/lang/Object;Ljava/lang/Object;)Ljava/lang/Object; @ 83
Event: 9,288 Thread 0x6b730000 Uncommon trap: reason=unstable_if action=reinterpret pc=0xb3668784 method=com.android.dx.util.IntList.binarysearch(I)I @ 105
Event: 14,077 Thread 0x6b72a800 Uncommon trap: reason=null_check action=make_not_entrant pc=0xb3655190 method=com.android.dx.rop.type.Type.equals(Ljava/lang/Object;)Z @ 8
Event: 14,492 Thread 0x6b72d800 Uncommon trap: reason=unstable_if action=reinterpret pc=0xb369e770 method=com.android.dx.ssa.SCCP.simulateBranch(Lcom/android/dx/ssa/SsaInsn;)V @ 64
Event: 15,420 Thread 0x6b72d800 Uncommon trap: reason=unstable_if action=reinterpret pc=0xb3644a7c method=com.android.dx.ssa.SsaMethod.updateOneDefinition(Lcom/android/dx/ssa/SsaInsn;Lcom/android/dx/rop/code/RegisterSpec;)V @ 4
Event: 17,042 Thread 0x6b72f400 Uncommon trap: reason=unstable_if action=reinterpret pc=0xb3692210 method=com.android.dx.ssa.Dominators.run()V @ 346

Internal exceptions (10 events):
Event: 2,398 Thread 0xb6607800 Threw 0x9ea4b1c0 at /HUDSON/workspace/7u-2-build-linux-i586/jdk7u80/2329/hotspot/src/share/vm/prims/jvm.cpp:1319
Event: 2,404 Thread 0x6b72a800 Threw 0x9e9c64d0 at /HUDSON/workspace/7u-2-build-linux-i586/jdk7u80/2329/hotspot/src/share/vm/prims/jvm.cpp:1319
Event: 2,740 Thread 0x6b72f400 Threw 0x9ed09460 at /HUDSON/workspace/7u-2-build-linux-i586/jdk7u80/2329/hotspot/src/share/vm/prims/jvm.cpp:1319
Event: 2,908 Thread 0x6b72d800 Threw 0x9e07ec40 at /HUDSON/workspace/7u-2-build-linux-i586/jdk7u80/2329/hotspot/src/share/vm/prims/jvm.cpp:1319
Event: 4,106 Thread 0xb6607800 Implicit null exception at 0xb3640be2 to 0xb364116d
Event: 7,490 Thread 0x6b72f400 Implicit null exception at 0xb367f179 to 0xb3680085
Event: 10,906 Thread 0x6b72a800 Threw 0x9e368888 at /HUDSON/workspace/7u-2-build-linux-i586/jdk7u80/2329/hotspot/src/share/vm/prims/jvm.cpp:1319
Event: 13,741 Thread 0x6b72a800 Implicit null exception at 0xb36550ab to 0xb3655182
Event: 14,494 Thread 0x6b72d800 Threw 0x9ec9ce40 at /HUDSON/workspace/7u-2-build-linux-i586/jdk7u80/2329/hotspot/src/share/vm/prims/jvm.cpp:1319
Event: 17,262 Thread 0xb6607800 Threw 0xa0dfe9a8 at /HUDSON/workspace/7u-2-build-linux-i586/jdk7u80/2329/hotspot/src/share/vm/prims/jvm.cpp:1319

Events (10 events):
Event: 15,420 Thread 0x6b72d800 DEOPT PACKING pc=0xb3644a7c sp=0x6b6ad6e0
Event: 15,420 Thread 0x6b72d800 DEOPT UNPACKING pc=0xb3607bc8 sp=0x6b6ad6bc mode 2
Event: 15,572 Thread 0x6c098c00 flushing nmethod 0xb36404c8
Event: 15,578 Thread 0x6c098c00 flushing nmethod 0xb3648708
Event: 17,042 Thread 0x6b72f400 Uncommon trap: trap_request=0xffffff75 fr.pc=0xb3692210
Event: 17,042 Thread 0x6b72f400 DEOPT PACKING pc=0xb3692210 sp=0x6b65c7e0
Event: 17,042 Thread 0x6b72f400 DEOPT UNPACKING pc=0xb3607bc8 sp=0x6b65c7f4 mode 2
Event: 17,262 loading class 0x6c0bc058
Event: 17,262 loading class 0x6c0bc058 done
Event: 17,959 Executing VM operation: ParallelGCFailedAllocation


Dynamic libraries:
08048000-08049000 r-xp 00000000 08:01 16128057   /usr/local/jdk1.7.0_80/bin/java
08049000-0804a000 rw-p 00000000 08:01 16128057   /usr/local/jdk1.7.0_80/bin/java
0835f000-0846c000 rw-p 00000000 00:00 0          [heap]
69e00000-69ee8000 rw-p 00000000 00:00 0 
69ee8000-69f00000 ---p 00000000 00:00 0 
6a000000-6a0f9000 rw-p 00000000 00:00 0 
6a0f9000-6a100000 ---p 00000000 00:00 0 
6a200000-6a2fd000 rw-p 00000000 00:00 0 
6a2fd000-6a300000 ---p 00000000 00:00 0 
6a400000-6a500000 rw-p 00000000 00:00 0 
6a600000-6a6fb000 rw-p 00000000 00:00 0 
6a6fb000-6a700000 ---p 00000000 00:00 0 
6a700000-6a7f9000 rw-p 00000000 00:00 0 
6a7f9000-6a800000 ---p 00000000 00:00 0 
6a800000-6a8fa000 rw-p 00000000 00:00 0 
6a8fa000-6a900000 ---p 00000000 00:00 0 
6a900000-6aa00000 rw-p 00000000 00:00 0 
6aa00000-6aaf5000 rw-p 00000000 00:00 0 
6aaf5000-6ab00000 ---p 00000000 00:00 0 
6ac00000-6aca2000 rw-p 00000000 00:00 0 
6aca2000-6ad00000 ---p 00000000 00:00 0 
6ad00000-6adf0000 rw-p 00000000 00:00 0 
6adf0000-6ae00000 ---p 00000000 00:00 0 
6ae00000-6aefc000 rw-p 00000000 00:00 0 
6aefc000-6af00000 ---p 00000000 00:00 0 
6af00000-6affa000 rw-p 00000000 00:00 0 
6affa000-6b000000 ---p 00000000 00:00 0 
6b000000-6b0ff000 rw-p 00000000 00:00 0 
6b0ff000-6b100000 ---p 00000000 00:00 0 
6b100000-6b1fd000 rw-p 00000000 00:00 0 
6b1fd000-6b200000 ---p 00000000 00:00 0 
6b200000-6b2ef000 rw-p 00000000 00:00 0 
6b2ef000-6b300000 ---p 00000000 00:00 0 
6b300000-6b3e5000 rw-p 00000000 00:00 0 
6b3e5000-6b400000 ---p 00000000 00:00 0 
6b400000-6b4f0000 rw-p 00000000 00:00 0 
6b4f0000-6b500000 ---p 00000000 00:00 0 
6b5bc000-6b5bf000 ---p 00000000 00:00 0 
6b5bf000-6b60d000 rw-p 00000000 00:00 0          [stack:19944]
6b60d000-6b610000 ---p 00000000 00:00 0 
6b610000-6b65e000 rw-p 00000000 00:00 0          [stack:19943]
6b65e000-6b661000 ---p 00000000 00:00 0 
6b661000-6b6af000 rw-p 00000000 00:00 0          [stack:19939]
6b6af000-6b6b2000 ---p 00000000 00:00 0 
6b6b2000-6b700000 rw-p 00000000 00:00 0          [stack:19936]
6b700000-6b752000 rw-p 00000000 00:00 0 
6b752000-6b800000 ---p 00000000 00:00 0 
6b82a000-6b82d000 ---p 00000000 00:00 0 
6b82d000-6b87b000 rw-p 00000000 00:00 0          [stack:19929]
6b87b000-6b87c000 ---p 00000000 00:00 0 
6b87c000-6b8fc000 rw-p 00000000 00:00 0          [stack:19922]
6b8fc000-6b8ff000 ---p 00000000 00:00 0 
6b8ff000-6b94d000 rw-p 00000000 00:00 0          [stack:19917]
6b94d000-6b950000 ---p 00000000 00:00 0 
6b950000-6b9ce000 rw-p 00000000 00:00 0          [stack:19916]
6b9ce000-6bb00000 r--p 0032d000 08:01 15999174   /usr/lib/locale/locale-archive
6bb00000-6bd00000 r--p 00000000 08:01 15999174   /usr/lib/locale/locale-archive
6bd00000-6bd21000 rw-p 00000000 00:00 0 
6bd21000-6be00000 ---p 00000000 00:00 0 
6be2e000-6be31000 ---p 00000000 00:00 0 
6be31000-6beaf000 rw-p 00000000 00:00 0          [stack:19913]
6beaf000-6beb2000 ---p 00000000 00:00 0 
6beb2000-6bf00000 rw-p 00000000 00:00 0          [stack:19908]
6bf00000-6bffa000 rw-p 00000000 00:00 0 
6bffa000-6c000000 ---p 00000000 00:00 0 
6c000000-6c0f6000 rw-p 00000000 00:00 0 
6c0f6000-6c100000 ---p 00000000 00:00 0 
6c12e000-6c131000 ---p 00000000 00:00 0 
6c131000-6c17f000 rw-p 00000000 00:00 0          [stack:19905]
6c17f000-6c180000 ---p 00000000 00:00 0 
6c180000-6c200000 rw-p 00000000 00:00 0          [stack:19896]
6c200000-6c3c0000 r--s 039fb000 08:01 16388476   /usr/local/jdk1.7.0_80/jre/lib/rt.jar
6c3c0000-6ea00000 rw-p 00000000 00:00 0 
6ea00000-6eaf6000 rw-p 00000000 00:00 0 
6eaf6000-6eb00000 ---p 00000000 00:00 0 
6eb18000-6eb2d000 r-xp 00000000 08:01 16649161   /usr/local/jdk1.7.0_80/jre/lib/i386/libnet.so
6eb2d000-6eb2e000 rw-p 00015000 08:01 16649161   /usr/local/jdk1.7.0_80/jre/lib/i386/libnet.so
6eb2e000-6eb31000 ---p 00000000 00:00 0 
6eb31000-6eb7f000 rw-p 00000000 00:00 0          [stack:19900]
6eb7f000-6eb80000 ---p 00000000 00:00 0 
6eb80000-6ec00000 rw-p 00000000 00:00 0          [stack:19892]
6ec00000-6ec21000 rw-p 00000000 00:00 0 
6ec21000-6ed00000 ---p 00000000 00:00 0 
6ed00000-6ed21000 rw-p 00000000 00:00 0 
6ed21000-6ee00000 ---p 00000000 00:00 0 
6ee02000-6ee10000 r-xp 00000000 08:01 16649136   /usr/local/jdk1.7.0_80/jre/lib/i386/libnio.so
6ee10000-6ee11000 rw-p 0000e000 08:01 16649136   /usr/local/jdk1.7.0_80/jre/lib/i386/libnio.so
6ee11000-6ee25000 r--s 000d6000 00:1a 7873583    /home/fate/repos/quiz/Quiz/app/build/intermediates/exploded-aar/com.android.support/support-v4/23.0.0/jars/classes.jar
6ee25000-6ee34000 r--s 000df000 00:1a 8000445    /home/fate/Android/Sdk/build-tools/23.0.0/lib/dx.jar
6ee34000-6ee7f000 rw-p 00000000 00:00 0 
6ee7f000-6ee80000 ---p 00000000 00:00 0 
6ee80000-6ef00000 rw-p 00000000 00:00 0          [stack:19889]
6ef00000-6ef34000 rw-p 00000000 00:00 0 
6ef34000-6f000000 ---p 00000000 00:00 0 
6f00c000-6f067000 rw-p 00000000 00:00 0 
6f067000-6f068000 ---p 00000000 00:00 0 
6f068000-6f0e8000 rw-p 00000000 00:00 0          [stack:19879]
6f0e8000-6f0e9000 ---p 00000000 00:00 0 
6f0e9000-6f171000 rw-p 00000000 00:00 0          [stack:19878]
6f171000-6f189000 rw-p 00000000 00:00 0 
6f189000-6f19d000 rw-p 00000000 00:00 0 
6f19d000-6f2df000 rw-p 00000000 00:00 0 
6f2df000-6f2e7000 rw-p 00000000 00:00 0 
6f2e7000-6f2ff000 rw-p 00000000 00:00 0 
6f2ff000-6f313000 rw-p 00000000 00:00 0 
6f313000-6f454000 rw-p 00000000 00:00 0 
6f454000-6f475000 rw-p 00000000 00:00 0 
6f475000-6f4ff000 rw-p 00000000 00:00 0 
6f4ff000-70500000 rw-p 00000000 00:00 0 
70500000-73500000 rw-p 00000000 00:00 0 
73500000-75d00000 rw-p 00000000 00:00 0 
75d00000-9df80000 rw-p 00000000 00:00 0 
9df80000-a2080000 rw-p 00000000 00:00 0 
a6fe7000-a715a000 rw-p 00000000 00:00 0 
a715a000-a7180000 r--p 00000000 08:01 17454158   /usr/share/locale-langpack/es/LC_MESSAGES/libc.mo
a7180000-b3500000 rw-p 00000000 00:00 0 
b3501000-b3524000 rw-p 00000000 00:00 0 
b3524000-b35db000 rw-p 00000000 00:00 0 
b35db000-b381b000 rwxp 00000000 00:00 0 
b381b000-b65db000 rw-p 00000000 00:00 0 
b65db000-b65f2000 r-xp 00000000 08:01 16649162   /usr/local/jdk1.7.0_80/jre/lib/i386/libzip.so
b65f2000-b65f3000 rw-p 00016000 08:01 16649162   /usr/local/jdk1.7.0_80/jre/lib/i386/libzip.so
b65f3000-b65fe000 r-xp 00000000 08:01 17826986   /lib/i386-linux-gnu/libnss_files-2.19.so
b65fe000-b65ff000 r--p 0000a000 08:01 17826986   /lib/i386-linux-gnu/libnss_files-2.19.so
b65ff000-b6600000 rw-p 0000b000 08:01 17826986   /lib/i386-linux-gnu/libnss_files-2.19.so
b6600000-b66f6000 rw-p 00000000 00:00 0 
b66f6000-b6700000 ---p 00000000 00:00 0 
b6705000-b670f000 r-xp 00000000 08:01 17826996   /lib/i386-linux-gnu/libnss_nis-2.19.so
b670f000-b6710000 r--p 00009000 08:01 17826996   /lib/i386-linux-gnu/libnss_nis-2.19.so
b6710000-b6711000 rw-p 0000a000 08:01 17826996   /lib/i386-linux-gnu/libnss_nis-2.19.so
b6711000-b6726000 r-xp 00000000 08:01 17826980   /lib/i386-linux-gnu/libnsl-2.19.so
b6726000-b6727000 r--p 00015000 08:01 17826980   /lib/i386-linux-gnu/libnsl-2.19.so
b6727000-b6728000 rw-p 00016000 08:01 17826980   /lib/i386-linux-gnu/libnsl-2.19.so
b6728000-b672a000 rw-p 00000000 00:00 0 
b672a000-b6731000 r-xp 00000000 08:01 17826982   /lib/i386-linux-gnu/libnss_compat-2.19.so
b6731000-b6732000 r--p 00006000 08:01 17826982   /lib/i386-linux-gnu/libnss_compat-2.19.so
b6732000-b6733000 rw-p 00007000 08:01 17826982   /lib/i386-linux-gnu/libnss_compat-2.19.so
b6738000-b673f000 r--s 00000000 08:01 15997979   /usr/lib/i386-linux-gnu/gconv/gconv-modules.cache
b673f000-b6747000 rw-s 00000000 08:01 6815790    /tmp/hsperfdata_fate/19865
b6747000-b676a000 r-xp 00000000 08:01 16649133   /usr/local/jdk1.7.0_80/jre/lib/i386/libjava.so
b676a000-b676b000 rw-p 00023000 08:01 16649133   /usr/local/jdk1.7.0_80/jre/lib/i386/libjava.so
b676b000-b6772000 r-xp 00000000 08:01 17827039   /lib/i386-linux-gnu/librt-2.19.so
b6772000-b6773000 r--p 00006000 08:01 17827039   /lib/i386-linux-gnu/librt-2.19.so
b6773000-b6774000 rw-p 00007000 08:01 17827039   /lib/i386-linux-gnu/librt-2.19.so
b6774000-b6777000 ---p 00000000 00:00 0 
b6777000-b67c5000 rw-p 00000000 00:00 0          [stack:19876]
b67c5000-b6809000 r-xp 00000000 08:01 17826961   /lib/i386-linux-gnu/libm-2.19.so
b6809000-b680a000 r--p 00043000 08:01 17826961   /lib/i386-linux-gnu/libm-2.19.so
b680a000-b680b000 rw-p 00044000 08:01 17826961   /lib/i386-linux-gnu/libm-2.19.so
b680b000-b7092000 r-xp 00000000 08:01 16649114   /usr/local/jdk1.7.0_80/jre/lib/i386/server/libjvm.so
b7092000-b70f6000 rw-p 00886000 08:01 16649114   /usr/local/jdk1.7.0_80/jre/lib/i386/server/libjvm.so
b70f6000-b751a000 rw-p 00000000 00:00 0 
b751a000-b76c2000 r-xp 00000000 08:01 17826911   /lib/i386-linux-gnu/libc-2.19.so
b76c2000-b76c4000 r--p 001a8000 08:01 17826911   /lib/i386-linux-gnu/libc-2.19.so
b76c4000-b76c5000 rw-p 001aa000 08:01 17826911   /lib/i386-linux-gnu/libc-2.19.so
b76c5000-b76c8000 rw-p 00000000 00:00 0 
b76c8000-b76cb000 r-xp 00000000 08:01 17826928   /lib/i386-linux-gnu/libdl-2.19.so
b76cb000-b76cc000 r--p 00002000 08:01 17826928   /lib/i386-linux-gnu/libdl-2.19.so
b76cc000-b76cd000 rw-p 00003000 08:01 17826928   /lib/i386-linux-gnu/libdl-2.19.so
b76cd000-b76ce000 rw-p 00000000 00:00 0 
b76ce000-b76e2000 r-xp 00000000 08:01 16388414   /usr/local/jdk1.7.0_80/lib/i386/jli/libjli.so
b76e2000-b76e3000 rw-p 00013000 08:01 16388414   /usr/local/jdk1.7.0_80/lib/i386/jli/libjli.so
b76e3000-b76fb000 r-xp 00000000 08:01 17827031   /lib/i386-linux-gnu/libpthread-2.19.so
b76fb000-b76fc000 r--p 00018000 08:01 17827031   /lib/i386-linux-gnu/libpthread-2.19.so
b76fc000-b76fd000 rw-p 00019000 08:01 17827031   /lib/i386-linux-gnu/libpthread-2.19.so
b76fd000-b76ff000 rw-p 00000000 00:00 0 
b7703000-b7706000 rw-p 00000000 00:00 0 
b7706000-b7707000 ---p 00000000 00:00 0 
b7707000-b7712000 r-xp 00000000 08:01 16649158   /usr/local/jdk1.7.0_80/jre/lib/i386/libverify.so
b7712000-b7713000 rw-p 0000b000 08:01 16649158   /usr/local/jdk1.7.0_80/jre/lib/i386/libverify.so
b7713000-b7715000 rw-p 00000000 00:00 0 
b7715000-b7717000 r--p 00000000 00:00 0          [vvar]
b7717000-b7719000 r-xp 00000000 00:00 0          [vdso]
b7719000-b7739000 r-xp 00000000 08:01 17826887   /lib/i386-linux-gnu/ld-2.19.so
b7739000-b773a000 r--p 0001f000 08:01 17826887   /lib/i386-linux-gnu/ld-2.19.so
b773a000-b773b000 rw-p 00020000 08:01 17826887   /lib/i386-linux-gnu/ld-2.19.so
bff76000-bff77000 rwxp 00000000 00:00 0 
bffa9000-bffca000 rw-p 00000000 00:00 0          [stack]

VM Arguments:
jvm_args: -Xmx1024M -Dfile.encoding=UTF-8 -Duser.country=AR -Duser.language=es -Duser.variant 
java_command: com.android.dx.command.Main --dex --num-threads=4 --output /home/fate/repos/quiz/Quiz/app/build/intermediates/pre-dexed/debug/classes-b65103ed40f3f7f2ed5c3f797b0ab7856582588f.jar /home/fate/repos/quiz/Quiz/app/build/intermediates/exploded-aar/com.android.support/support-v4/23.0.0/jars/classes.jar
Launcher Type: SUN_STANDARD

Environment Variables:
PATH=/usr/local/sbin:/usr/local/bin:/usr/sbin:/usr/bin:/sbin:/bin:/usr/games:/usr/local/games
SHELL=/bin/bash
DISPLAY=:0

Signal Handlers:
SIGSEGV: [libjvm.so+0x7eb160], sa_mask[0]=0x7ffbfeff, sa_flags=0x10000004
SIGBUS: [libjvm.so+0x7eb160], sa_mask[0]=0x7ffbfeff, sa_flags=0x10000004
SIGFPE: [libjvm.so+0x684ac0], sa_mask[0]=0x7ffbfeff, sa_flags=0x10000004
SIGPIPE: [libjvm.so+0x684ac0], sa_mask[0]=0x7ffbfeff, sa_flags=0x10000004
SIGXFSZ: [libjvm.so+0x684ac0], sa_mask[0]=0x7ffbfeff, sa_flags=0x10000004
SIGILL: [libjvm.so+0x684ac0], sa_mask[0]=0x7ffbfeff, sa_flags=0x10000004
SIGUSR1: SIG_DFL, sa_mask[0]=0x00000000, sa_flags=0x00000000
SIGUSR2: [libjvm.so+0x686330], sa_mask[0]=0x00000004, sa_flags=0x10000004
SIGHUP: [libjvm.so+0x687660], sa_mask[0]=0x7ffbfeff, sa_flags=0x10000004
SIGINT: [libjvm.so+0x687660], sa_mask[0]=0x7ffbfeff, sa_flags=0x10000004
SIGTERM: [libjvm.so+0x687660], sa_mask[0]=0x7ffbfeff, sa_flags=0x10000004
SIGQUIT: [libjvm.so+0x687660], sa_mask[0]=0x7ffbfeff, sa_flags=0x10000004


---------------  S Y S T E M  ---------------

OS:jessie/sid

uname:Linux 3.19.0-26-generic #28~14.04.1-Ubuntu SMP Wed Aug 12 14:12:35 UTC 2015 i686
libc:glibc 2.19 NPTL 2.19 
rlimit: STACK 8192k, CORE 0k, NPROC 30514, NOFILE 4096, AS infinity
load average:12,15 3,21 1,25

/proc/meminfo:
MemTotal:        3934296 kB
MemFree:          217296 kB
MemAvailable:     150932 kB
Buffers:             552 kB
Cached:           396440 kB
SwapCached:            0 kB
Active:          3206212 kB
Inactive:         377748 kB
Active(anon):    3201836 kB
Inactive(anon):   366116 kB
Active(file):       4376 kB
Inactive(file):    11632 kB
Unevictable:          32 kB
Mlocked:              32 kB
HighTotal:       3075328 kB
HighFree:          38916 kB
LowTotal:         858968 kB
LowFree:          178380 kB
SwapTotal:             0 kB
SwapFree:              0 kB
Dirty:                44 kB
Writeback:             0 kB
AnonPages:       3187192 kB
Mapped:            89048 kB
Shmem:            380792 kB
Slab:              78668 kB
SReclaimable:      35504 kB
SUnreclaim:        43164 kB
KernelStack:        5048 kB
PageTables:        16088 kB
NFS_Unstable:          0 kB
Bounce:              556 kB
WritebackTmp:          0 kB
CommitLimit:     1967148 kB
Committed_AS:    7372296 kB
VmallocTotal:     122880 kB
VmallocUsed:       29748 kB
VmallocChunk:      90648 kB
AnonHugePages:   1234944 kB
CmaTotal:              0 kB
CmaFree:               0 kB
HugePages_Total:       0
HugePages_Free:        0
HugePages_Rsvd:        0
HugePages_Surp:        0
Hugepagesize:       2048 kB
DirectMap4k:       63480 kB
DirectMap2M:      849920 kB


CPU:total 4 (2 cores per cpu, 2 threads per core) family 6 model 37 stepping 2, cmov, cx8, fxsr, mmx, sse, sse2, sse3, ssse3, sse4.1, sse4.2, popcnt, ht, tsc, tscinvbit

/proc/cpuinfo:
processor	: 0
vendor_id	: GenuineIntel
cpu family	: 6
model		: 37
model name	: Intel(R) Core(TM) i3 CPU       M 350  @ 2.27GHz
stepping	: 2
microcode	: 0x9
cpu MHz		: 2266.000
cache size	: 3072 KB
physical id	: 0
siblings	: 4
core id		: 0
cpu cores	: 2
apicid		: 0
initial apicid	: 0
fdiv_bug	: no
f00f_bug	: no
coma_bug	: no
fpu		: yes
fpu_exception	: yes
cpuid level	: 11
wp		: yes
flags		: fpu vme de pse tsc msr pae mce cx8 apic sep mtrr pge mca cmov pat pse36 clflush dts acpi mmx fxsr sse sse2 ss ht tm pbe nx rdtscp lm constant_tsc arch_perfmon pebs bts xtopology nonstop_tsc aperfmperf pni dtes64 monitor ds_cpl vmx est tm2 ssse3 cx16 xtpr pdcm sse4_1 sse4_2 popcnt lahf_lm arat dtherm tpr_shadow vnmi flexpriority ept vpid
bugs		:
bogomips	: 4522.38
clflush size	: 64
cache_alignment	: 64
address sizes	: 36 bits physical, 48 bits virtual
power management:

processor	: 1
vendor_id	: GenuineIntel
cpu family	: 6
model		: 37
model name	: Intel(R) Core(TM) i3 CPU       M 350  @ 2.27GHz
stepping	: 2
microcode	: 0x9
cpu MHz		: 2266.000
cache size	: 3072 KB
physical id	: 0
siblings	: 4
core id		: 0
cpu cores	: 2
apicid		: 1
initial apicid	: 1
fdiv_bug	: no
f00f_bug	: no
coma_bug	: no
fpu		: yes
fpu_exception	: yes
cpuid level	: 11
wp		: yes
flags		: fpu vme de pse tsc msr pae mce cx8 apic sep mtrr pge mca cmov pat pse36 clflush dts acpi mmx fxsr sse sse2 ss ht tm pbe nx rdtscp lm constant_tsc arch_perfmon pebs bts xtopology nonstop_tsc aperfmperf pni dtes64 monitor ds_cpl vmx est tm2 ssse3 cx16 xtpr pdcm sse4_1 sse4_2 popcnt lahf_lm arat dtherm tpr_shadow vnmi flexpriority ept vpid
bugs		:
bogomips	: 4522.38
clflush size	: 64
cache_alignment	: 64
address sizes	: 36 bits physical, 48 bits virtual
power management:

processor	: 2
vendor_id	: GenuineIntel
cpu family	: 6
model		: 37
model name	: Intel(R) Core(TM) i3 CPU       M 350  @ 2.27GHz
stepping	: 2
microcode	: 0x9
cpu MHz		: 2266.000
cache size	: 3072 KB
physical id	: 0
siblings	: 4
core id		: 2
cpu cores	: 2
apicid		: 4
initial apicid	: 4
fdiv_bug	: no
f00f_bug	: no
coma_bug	: no
fpu		: yes
fpu_exception	: yes
cpuid level	: 11
wp		: yes
flags		: fpu vme de pse tsc msr pae mce cx8 apic sep mtrr pge mca cmov pat pse36 clflush dts acpi mmx fxsr sse sse2 ss ht tm pbe nx rdtscp lm constant_tsc arch_perfmon pebs bts xtopology nonstop_tsc aperfmperf pni dtes64 monitor ds_cpl vmx est tm2 ssse3 cx16 xtpr pdcm sse4_1 sse4_2 popcnt lahf_lm arat dtherm tpr_shadow vnmi flexpriority ept vpid
bugs		:
bogomips	: 4522.38
clflush size	: 64
cache_alignment	: 64
address sizes	: 36 bits physical, 48 bits virtual
power management:

processor	: 3
vendor_id	: GenuineIntel
cpu family	: 6
model		: 37
model name	: Intel(R) Core(TM) i3 CPU       M 350  @ 2.27GHz
stepping	: 2
microcode	: 0x9
cpu MHz		: 2266.000
cache size	: 3072 KB
physical id	: 0
siblings	: 4
core id		: 2
cpu cores	: 2
apicid		: 5
initial apicid	: 5
fdiv_bug	: no
f00f_bug	: no
coma_bug	: no
fpu		: yes
fpu_exception	: yes
cpuid level	: 11
wp		: yes
flags		: fpu vme de pse tsc msr pae mce cx8 apic sep mtrr pge mca cmov pat pse36 clflush dts acpi mmx fxsr sse sse2 ss ht tm pbe nx rdtscp lm constant_tsc arch_perfmon pebs bts xtopology nonstop_tsc aperfmperf pni dtes64 monitor ds_cpl vmx est tm2 ssse3 cx16 xtpr pdcm sse4_1 sse4_2 popcnt lahf_lm arat dtherm tpr_shadow vnmi flexpriority ept vpid
bugs		:
bogomips	: 4522.38
clflush size	: 64
cache_alignment	: 64
address sizes	: 36 bits physical, 48 bits virtual
power management:



Memory: 4k page, physical 3934296k(216892k free), swap 0k(0k free)

vm_info: Java HotSpot(TM) Server VM (24.80-b11) for linux-x86 JRE (1.7.0_80-b15), built on Apr 10 2015 12:29:10 by "java_re" with gcc 4.3.0 20080428 (Red Hat 4.3.0-8)

time: Sun Sep 20 02:16:34 2015
elapsed time: 39 seconds

