#
# There is insufficient memory for the Java Runtime Environment to continue.
# Native memory allocation (malloc) failed to allocate 71827456 bytes for committing reserved memory.
# Possible reasons:
#   The system is out of physical RAM or swap space
#   In 32 bit mode, the process size limit was hit
# Possible solutions:
#   Reduce memory load on the system
#   Increase physical memory or swap space
#   Check if swap backing store is full
#   Use 64 bit Java on a 64 bit OS
#   Decrease Java heap size (-Xmx/-Xms)
#   Decrease number of Java threads
#   Decrease Java thread stack sizes (-Xss)
#   Set larger code cache with -XX:ReservedCodeCacheSize=
# This output file may be truncated or incomplete.
#
#  Out of Memory Error (os_linux.cpp:2756), pid=19853, tid=1815083840
#
# JRE version: Java(TM) SE Runtime Environment (7.0_80-b15) (build 1.7.0_80-b15)
# Java VM: Java HotSpot(TM) Server VM (24.80-b11 mixed mode linux-x86 )
# Failed to write core dump. Core dumps have been disabled. To enable core dumping, try "ulimit -c unlimited" before starting Java again
#

---------------  T H R E A D  ---------------

Current thread (0x6c180400):  VMThread [stack: 0x6c27f000,0x6c300000] [id=19894]

Stack: [0x6c27f000,0x6c300000],  sp=0x6c2fea20,  free space=510k
Native frames: (J=compiled Java code, j=interpreted, Vv=VM code, C=native code)
V  [libjvm.so+0x7ea656]  VMError::report_and_die()+0x1a6
V  [libjvm.so+0x33eb82]  report_vm_out_of_memory(char const*, int, unsigned int, char const*)+0x72
V  [libjvm.so+0x687fb1]  os::Linux::commit_memory_impl(char*, unsigned int, bool)+0xe1
V  [libjvm.so+0x688478]  os::pd_commit_memory(char*, unsigned int, unsigned int, bool)+0x28
V  [libjvm.so+0x681b2c]  os::commit_memory(char*, unsigned int, unsigned int, bool)+0x2c
V  [libjvm.so+0x6ea8d8]  PSVirtualSpace::expand_by(unsigned int)+0x48
V  [libjvm.so+0x6eb9da]  PSYoungGen::resize_generation(unsigned int, unsigned int)+0xda
V  [libjvm.so+0x6ead19]  PSYoungGen::resize(unsigned int, unsigned int)+0x19
V  [libjvm.so+0x6e8649]  PSScavenge::invoke_no_policy()+0xcf9
V  [libjvm.so+0x6e8ea8]  PSScavenge::invoke()+0x28
V  [libjvm.so+0x6a851a]  ParallelScavengeHeap::failed_mem_allocate(unsigned int)+0x5a
V  [libjvm.so+0x7ebeea]  VM_ParallelGCFailedAllocation::doit()+0x7a
V  [libjvm.so+0x7f4d07]  VM_Operation::evaluate()+0x47
V  [libjvm.so+0x7f2da3]  VMThread::evaluate_operation(VM_Operation*)+0xb3
V  [libjvm.so+0x7f3140]  VMThread::loop()+0x1b0
V  [libjvm.so+0x7f35a5]  VMThread::run()+0x85
V  [libjvm.so+0x68a249]  java_start(Thread*)+0x119
C  [libpthread.so.0+0x6f70]  start_thread+0xd0

VM_Operation (0x6b70ba24): ParallelGCFailedAllocation, mode: safepoint, requested by thread 0x6b837000


---------------  P R O C E S S  ---------------

Java Threads: ( => current thread )
  0x6b839800 JavaThread "pool-1-thread-4" [_thread_blocked, id=19937, stack(0x6b66b000,0x6b6bc000)]
  0x6b837000 JavaThread "pool-1-thread-3" [_thread_blocked, id=19935, stack(0x6b6bc000,0x6b70d000)]
  0x6b836000 JavaThread "pool-1-thread-2" [_thread_blocked, id=19933, stack(0x6b70d000,0x6b75e000)]
  0x6b834400 JavaThread "pool-2-thread-1" [_thread_blocked, id=19931, stack(0x6b75e000,0x6b7af000)]
  0x6b833c00 JavaThread "pool-1-thread-1" [_thread_blocked, id=19930, stack(0x6b7af000,0x6b800000)]
  0x6c1a2800 JavaThread "Service Thread" daemon [_thread_blocked, id=19921, stack(0x6bf0d000,0x6bf5e000)]
  0x6c1a0c00 JavaThread "C2 CompilerThread1" daemon [_thread_blocked, id=19919, stack(0x6b9cc000,0x6ba4d000)]
  0x6c19e800 JavaThread "C2 CompilerThread0" daemon [_thread_blocked, id=19914, stack(0x6ba4d000,0x6bace000)]
  0x6c19d000 JavaThread "Signal Dispatcher" daemon [_thread_blocked, id=19912, stack(0x6bf5e000,0x6bfaf000)]
  0x6c184800 JavaThread "Finalizer" daemon [_thread_blocked, id=19902, stack(0x6bfaf000,0x6c000000)]
  0x6c183000 JavaThread "Reference Handler" daemon [_thread_blocked, id=19898, stack(0x6c22e000,0x6c27f000)]
  0xb6707800 JavaThread "main" [_thread_blocked, id=19877, stack(0xb6804000,0xb6855000)]

Other Threads:
=>0x6c180400 VMThread [stack: 0x6c27f000,0x6c300000] [id=19894]
  0x6c1a4800 WatcherThread [stack: 0x6b94b000,0x6b9cc000] [id=19924]

VM state:at safepoint (normal execution)

VM Mutex/Monitor currently owned by a thread:  ([mutex/lock_event])
[0xb6704e20] Threads_lock - owner thread: 0x6c180400
[0xb6705230] Heap_lock - owner thread: 0x6b837000

Heap
 PSYoungGen      total 69120K, used 8435K [0x9e000000, 0xa2c80000, 0xb3580000)
  eden space 60672K, 0% used [0x9e000000,0x9e000000,0xa1b40000)
  from space 8448K, 99% used [0xa1b40000,0xa237ce48,0xa2380000)
  to   space 7680K, 0% used [0xa2380000,0xa2380000,0xa2b00000)
 ParOldGen       total 40960K, used 22944K [0x73580000, 0x75d80000, 0x9e000000)
  object space 40960K, 56% used [0x73580000,0x74be81b8,0x75d80000)
 PSPermGen       total 16384K, used 3894K [0x6f580000, 0x70580000, 0x73580000)
  object space 16384K, 23% used [0x6f580000,0x6f94da50,0x70580000)

Card table byte_map: [0x6f35f000,0x6f580000] byte_map_base: 0x6efe4400

Polling page: 0xb7796000

Code Cache  [0xb366c000, 0xb38ac000, 0xb666c000)
 total_blobs=392 nmethods=266 adapters=76 free_code_cache=48073Kb largest_free_block=49213760

Compilation events (10 events):
Event: 24,127 Thread 0x6c19e800 nmethod 266 0xb371f188 code [0xb371f2c0, 0xb371f4c4]
Event: 24,127 Thread 0x6c19e800  267             java.lang.String::<init> (67 bytes)
Event: 24,137 Thread 0x6c19e800 nmethod 267 0xb371ec88 code [0xb371eda0, 0xb371f010]
Event: 24,137 Thread 0x6c19e800  268             com.android.dx.rop.code.RegisterSpec::make (7 bytes)
Event: 24,146 Thread 0x6c19e800 nmethod 268 0xb3750bc8 code [0xb3750cc0, 0xb3750d1c]
Event: 24,146 Thread 0x6c19e800  269             java.util.Collections$UnmodifiableCollection::iterator (9 bytes)
Event: 24,158 Thread 0x6c19e800 nmethod 269 0xb371e6c8 code [0xb371e7e0, 0xb371ea10]
Event: 24,158 Thread 0x6c19e800  270             java.util.Collections$UnmodifiableCollection$1::<init> (26 bytes)
Event: 24,165 Thread 0x6c19e800 nmethod 270 0xb37524c8 code [0xb37525e0, 0xb37527d0]
Event: 24,165 Thread 0x6c19e800  271             com.android.dx.ssa.back.SsaToRop::removePhiFunctions (83 bytes)

GC Heap History (10 events):
Event: 4,553 GC heap after
Heap after GC invocations=2 (full 0):
 PSYoungGen      total 17920K, used 2556K [0x9e000000, 0xa0300000, 0xb3580000)
  eden space 15360K, 0% used [0x9e000000,0x9e000000,0x9ef00000)
  from space 2560K, 99% used [0x9f180000,0x9f3ff0b8,0x9f400000)
  to   space 2560K, 0% used [0x9ef00000,0x9ef00000,0x9f180000)
 ParOldGen       total 40960K, used 3939K [0x73580000, 0x75d80000, 0x9e000000)
  object space 40960K, 9% used [0x73580000,0x73958dc8,0x75d80000)
 PSPermGen       total 16384K, used 3796K [0x6f580000, 0x70580000, 0x73580000)
  object space 16384K, 23% used [0x6f580000,0x6f9351f0,0x70580000)
}
Event: 5,891 GC heap before
{Heap before GC invocations=3 (full 0):
 PSYoungGen      total 17920K, used 17916K [0x9e000000, 0xa0300000, 0xb3580000)
  eden space 15360K, 100% used [0x9e000000,0x9ef00000,0x9ef00000)
  from space 2560K, 99% used [0x9f180000,0x9f3ff0b8,0x9f400000)
  to   space 2560K, 0% used [0x9ef00000,0x9ef00000,0x9f180000)
 ParOldGen       total 40960K, used 3939K [0x73580000, 0x75d80000, 0x9e000000)
  object space 40960K, 9% used [0x73580000,0x73958dc8,0x75d80000)
 PSPermGen       total 16384K, used 3823K [0x6f580000, 0x70580000, 0x73580000)
  object space 16384K, 23% used [0x6f580000,0x6f93be28,0x70580000)
Event: 5,974 GC heap after
Heap after GC invocations=3 (full 0):
 PSYoungGen      total 17920K, used 2551K [0x9e000000, 0xa0300000, 0xb3580000)
  eden space 15360K, 0% used [0x9e000000,0x9e000000,0x9ef00000)
  from space 2560K, 99% used [0x9ef00000,0x9f17dff8,0x9f180000)
  to   space 2560K, 0% used [0xa0080000,0xa0080000,0xa0300000)
 ParOldGen       total 40960K, used 6952K [0x73580000, 0x75d80000, 0x9e000000)
  object space 40960K, 16% used [0x73580000,0x73c4a390,0x75d80000)
 PSPermGen       total 16384K, used 3823K [0x6f580000, 0x70580000, 0x73580000)
  object space 16384K, 23% used [0x6f580000,0x6f93be28,0x70580000)
}
Event: 7,635 GC heap before
{Heap before GC invocations=4 (full 0):
 PSYoungGen      total 17920K, used 17911K [0x9e000000, 0xa0300000, 0xb3580000)
  eden space 15360K, 100% used [0x9e000000,0x9ef00000,0x9ef00000)
  from space 2560K, 99% used [0x9ef00000,0x9f17dff8,0x9f180000)
  to   space 2560K, 0% used [0xa0080000,0xa0080000,0xa0300000)
 ParOldGen       total 40960K, used 6952K [0x73580000, 0x75d80000, 0x9e000000)
  object space 40960K, 16% used [0x73580000,0x73c4a390,0x75d80000)
 PSPermGen       total 16384K, used 3837K [0x6f580000, 0x70580000, 0x73580000)
  object space 16384K, 23% used [0x6f580000,0x6f93f750,0x70580000)
Event: 7,688 GC heap after
Heap after GC invocations=4 (full 0):
 PSYoungGen      total 33280K, used 2559K [0x9e000000, 0xa0300000, 0xb3580000)
  eden space 30720K, 0% used [0x9e000000,0x9e000000,0x9fe00000)
  from space 2560K, 99% used [0xa0080000,0xa02fff00,0xa0300000)
  to   space 2560K, 0% used [0x9fe00000,0x9fe00000,0xa0080000)
 ParOldGen       total 40960K, used 9389K [0x73580000, 0x75d80000, 0x9e000000)
  object space 40960K, 22% used [0x73580000,0x73eab5c0,0x75d80000)
 PSPermGen       total 16384K, used 3837K [0x6f580000, 0x70580000, 0x73580000)
  object space 16384K, 23% used [0x6f580000,0x6f93f750,0x70580000)
}
Event: 10,711 GC heap before
{Heap before GC invocations=5 (full 0):
 PSYoungGen      total 33280K, used 33279K [0x9e000000, 0xa0300000, 0xb3580000)
  eden space 30720K, 100% used [0x9e000000,0x9fe00000,0x9fe00000)
  from space 2560K, 99% used [0xa0080000,0xa02fff00,0xa0300000)
  to   space 2560K, 0% used [0x9fe00000,0x9fe00000,0xa0080000)
 ParOldGen       total 40960K, used 9389K [0x73580000, 0x75d80000, 0x9e000000)
  object space 40960K, 22% used [0x73580000,0x73eab5c0,0x75d80000)
 PSPermGen       total 16384K, used 3853K [0x6f580000, 0x70580000, 0x73580000)
  object space 16384K, 23% used [0x6f580000,0x6f9435a0,0x70580000)
Event: 10,812 GC heap after
Heap after GC invocations=5 (full 0):
 PSYoungGen      total 33280K, used 2549K [0x9e000000, 0xa2b00000, 0xb3580000)
  eden space 30720K, 0% used [0x9e000000,0x9e000000,0x9fe00000)
  from space 2560K, 99% used [0x9fe00000,0xa007d768,0xa0080000)
  to   space 7680K, 0% used [0xa2380000,0xa2380000,0xa2b00000)
 ParOldGen       total 40960K, used 14607K [0x73580000, 0x75d80000, 0x9e000000)
  object space 40960K, 35% used [0x73580000,0x743c3d28,0x75d80000)
 PSPermGen       total 16384K, used 3853K [0x6f580000, 0x70580000, 0x73580000)
  object space 16384K, 23% used [0x6f580000,0x6f9435a0,0x70580000)
}
Event: 16,025 GC heap before
{Heap before GC invocations=6 (full 0):
 PSYoungGen      total 33280K, used 33269K [0x9e000000, 0xa2b00000, 0xb3580000)
  eden space 30720K, 100% used [0x9e000000,0x9fe00000,0x9fe00000)
  from space 2560K, 99% used [0x9fe00000,0xa007d768,0xa0080000)
  to   space 7680K, 0% used [0xa2380000,0xa2380000,0xa2b00000)
 ParOldGen       total 40960K, used 14607K [0x73580000, 0x75d80000, 0x9e000000)
  object space 40960K, 35% used [0x73580000,0x743c3d28,0x75d80000)
 PSPermGen       total 16384K, used 3868K [0x6f580000, 0x70580000, 0x73580000)
  object space 16384K, 23% used [0x6f580000,0x6f947128,0x70580000)
Event: 16,175 GC heap after
Heap after GC invocations=6 (full 0):
 PSYoungGen      total 68352K, used 7373K [0x9e000000, 0xa2c80000, 0xb3580000)
  eden space 60672K, 0% used [0x9e000000,0x9e000000,0xa1b40000)
  from space 7680K, 96% used [0xa2380000,0xa2ab3600,0xa2b00000)
  to   space 8448K, 0% used [0xa1b40000,0xa1b40000,0xa2380000)
 ParOldGen       total 40960K, used 14607K [0x73580000, 0x75d80000, 0x9e000000)
  object space 40960K, 35% used [0x73580000,0x743c3d28,0x75d80000)
 PSPermGen       total 16384K, used 3868K [0x6f580000, 0x70580000, 0x73580000)
  object space 16384K, 23% used [0x6f580000,0x6f947128,0x70580000)
}
Event: 27,594 GC heap before
{Heap before GC invocations=7 (full 0):
 PSYoungGen      total 68352K, used 68045K [0x9e000000, 0xa2c80000, 0xb3580000)
  eden space 60672K, 100% used [0x9e000000,0xa1b40000,0xa1b40000)
  from space 7680K, 96% used [0xa2380000,0xa2ab3600,0xa2b00000)
  to   space 8448K, 0% used [0xa1b40000,0xa1b40000,0xa2380000)
 ParOldGen       total 40960K, used 14607K [0x73580000, 0x75d80000, 0x9e000000)
  object space 40960K, 35% used [0x73580000,0x743c3d28,0x75d80000)
 PSPermGen       total 16384K, used 3894K [0x6f580000, 0x70580000, 0x73580000)
  object space 16384K, 23% used [0x6f580000,0x6f94da50,0x70580000)

Deoptimization events (10 events):
Event: 2,280 Thread 0x6b836000 Uncommon trap: reason=unstable_if action=reinterpret pc=0xb36b65f0 method=java.lang.String.replace(CC)Ljava/lang/String; @ 26
Event: 2,373 Thread 0x6b839800 Uncommon trap: reason=null_check action=make_not_entrant pc=0xb36c4350 method=com.android.dx.rop.code.LocalItem.equals(Ljava/lang/Object;)Z @ 1
Event: 3,998 Thread 0x6b833c00 Uncommon trap: reason=unstable_if action=reinterpret pc=0xb36cd950 method=com.android.dx.cf.code.Ropper.labelToResultIndex(I)I @ 34
Event: 4,052 Thread 0xb6707800 Uncommon trap: reason=null_check action=make_not_entrant pc=0xb36d7848 method=com.android.dx.rop.type.Type.putIntern(Lcom/android/dx/rop/type/Type;)Lcom/android/dx/rop/type/Type; @ 18
Event: 6,079 Thread 0x6b836000 Uncommon trap: reason=unstable_if action=reinterpret pc=0xb36f6a60 method=java.util.HashMap.put(Ljava/lang/Object;Ljava/lang/Object;)Ljava/lang/Object; @ 86
Event: 6,119 Thread 0xb6707800 Uncommon trap: reason=unstable_if action=reinterpret pc=0xb3701c14 method=java.util.BitSet.clone()Ljava/lang/Object; @ 4
Event: 6,999 Thread 0x6b837000 Uncommon trap: reason=null_check action=make_not_entrant pc=0xb370b6dc method=com.android.dx.ssa.SsaRenamer.getLocalForNewReg(I)Lcom/android/dx/rop/code/LocalItem; @ 19
Event: 14,366 Thread 0x6b839800 Uncommon trap: reason=unstable_if action=reinterpret pc=0xb36e2cec method=com.android.dx.util.IntList.binarysearch(I)I @ 105
Event: 14,765 Thread 0x6b833c00 Uncommon trap: reason=unstable_if action=reinterpret pc=0xb3718eec method=com.android.dx.rop.code.RegisterSpec.equals(ILcom/android/dx/rop/type/TypeBearer;Lcom/android/dx/rop/code/LocalItem;)Z @ 42
Event: 14,765 Thread 0x6b833c00 Uncommon trap: reason=unstable_if action=reinterpret pc=0xb36ce6b8 method=com.android.dx.rop.code.RegisterSpec.equals(ILcom/android/dx/rop/type/TypeBearer;Lcom/android/dx/rop/code/LocalItem;)Z @ 42

Internal exceptions (10 events):
Event: 2,463 Thread 0xb6707800 Threw 0x9eae9018 at /HUDSON/workspace/7u-2-build-linux-i586/jdk7u80/2329/hotspot/src/share/vm/prims/jvm.cpp:1319
Event: 2,464 Thread 0xb6707800 Threw 0x9eaeb190 at /HUDSON/workspace/7u-2-build-linux-i586/jdk7u80/2329/hotspot/src/share/vm/prims/jvm.cpp:1319
Event: 2,485 Thread 0xb6707800 Threw 0x9eb0cfe8 at /HUDSON/workspace/7u-2-build-linux-i586/jdk7u80/2329/hotspot/src/share/vm/prims/jvm.cpp:1319
Event: 2,939 Thread 0x6b833c00 Threw 0x9e036ce8 at /HUDSON/workspace/7u-2-build-linux-i586/jdk7u80/2329/hotspot/src/share/vm/prims/jvm.cpp:1319
Event: 4,052 Thread 0xb6707800 Implicit null exception at 0xb36d72aa to 0xb36d783d
Event: 5,803 Thread 0xb6707800 Threw 0x9eddf6b8 at /HUDSON/workspace/7u-2-build-linux-i586/jdk7u80/2329/hotspot/src/share/vm/prims/jvm.cpp:1319
Event: 6,999 Thread 0x6b837000 Implicit null exception at 0xb370a1bb to 0xb370b6cd
Event: 8,918 Thread 0x6b833c00 Threw 0x9eb9f980 at /HUDSON/workspace/7u-2-build-linux-i586/jdk7u80/2329/hotspot/src/share/vm/prims/jvm.cpp:1319
Event: 23,141 Thread 0x6b836000 Threw 0x9fbaf4a0 at /HUDSON/workspace/7u-2-build-linux-i586/jdk7u80/2329/hotspot/src/share/vm/prims/jvm.cpp:1319
Event: 23,698 Thread 0xb6707800 Threw 0xa050c460 at /HUDSON/workspace/7u-2-build-linux-i586/jdk7u80/2329/hotspot/src/share/vm/prims/jvm.cpp:1319

Events (10 events):
Event: 16,189 Executing VM operation: RevokeBias done
Event: 16,189 Executing VM operation: BulkRevokeBias
Event: 16,189 Executing VM operation: BulkRevokeBias done
Event: 23,140 loading class 0x6c0624f8
Event: 23,141 loading class 0x6c0624f8 done
Event: 23,194 Executing VM operation: RevokeBias
Event: 23,195 Executing VM operation: RevokeBias done
Event: 23,698 loading class 0x6c1c3e90
Event: 23,698 loading class 0x6c1c3e90 done
Event: 27,594 Executing VM operation: ParallelGCFailedAllocation


Dynamic libraries:
08048000-08049000 r-xp 00000000 08:01 16128057   /usr/local/jdk1.7.0_80/bin/java
08049000-0804a000 rw-p 00000000 08:01 16128057   /usr/local/jdk1.7.0_80/bin/java
086f9000-08774000 rw-p 00000000 00:00 0          [heap]
69f00000-69ff5000 rw-p 00000000 00:00 0 
69ff5000-6a000000 ---p 00000000 00:00 0 
6a100000-6a1fb000 rw-p 00000000 00:00 0 
6a1fb000-6a200000 ---p 00000000 00:00 0 
6a200000-6a2f5000 rw-p 00000000 00:00 0 
6a2f5000-6a300000 ---p 00000000 00:00 0 
6a300000-6a3fe000 rw-p 00000000 00:00 0 
6a3fe000-6a400000 ---p 00000000 00:00 0 
6a400000-6a4fe000 rw-p 00000000 00:00 0 
6a4fe000-6a500000 ---p 00000000 00:00 0 
6a500000-6a5ff000 rw-p 00000000 00:00 0 
6a5ff000-6a600000 ---p 00000000 00:00 0 
6a700000-6a7fb000 rw-p 00000000 00:00 0 
6a7fb000-6a800000 ---p 00000000 00:00 0 
6a800000-6a8eb000 rw-p 00000000 00:00 0 
6a8eb000-6a900000 ---p 00000000 00:00 0 
6a900000-6a9fa000 rw-p 00000000 00:00 0 
6a9fa000-6aa00000 ---p 00000000 00:00 0 
6aa00000-6aaf7000 rw-p 00000000 00:00 0 
6aaf7000-6ab00000 ---p 00000000 00:00 0 
6ab00000-6abf5000 rw-p 00000000 00:00 0 
6abf5000-6ac00000 ---p 00000000 00:00 0 
6ac00000-6acf7000 rw-p 00000000 00:00 0 
6acf7000-6ad00000 ---p 00000000 00:00 0 
6ad00000-6adfd000 rw-p 00000000 00:00 0 
6adfd000-6ae00000 ---p 00000000 00:00 0 
6ae00000-6aef3000 rw-p 00000000 00:00 0 
6aef3000-6af00000 ---p 00000000 00:00 0 
6b000000-6b0ff000 rw-p 00000000 00:00 0 
6b0ff000-6b100000 ---p 00000000 00:00 0 
6b100000-6b200000 rw-p 00000000 00:00 0 
6b300000-6b3fd000 rw-p 00000000 00:00 0 
6b3fd000-6b400000 ---p 00000000 00:00 0 
6b477000-6b500000 rw-p 00000000 00:00 0 
6b500000-6b5ee000 rw-p 00000000 00:00 0 
6b5ee000-6b600000 ---p 00000000 00:00 0 
6b66b000-6b66e000 ---p 00000000 00:00 0 
6b66e000-6b6bc000 rw-p 00000000 00:00 0          [stack:19937]
6b6bc000-6b6bf000 ---p 00000000 00:00 0 
6b6bf000-6b70d000 rw-p 00000000 00:00 0          [stack:19935]
6b70d000-6b710000 ---p 00000000 00:00 0 
6b710000-6b75e000 rw-p 00000000 00:00 0          [stack:19933]
6b75e000-6b761000 ---p 00000000 00:00 0 
6b761000-6b7af000 rw-p 00000000 00:00 0          [stack:19931]
6b7af000-6b7b2000 ---p 00000000 00:00 0 
6b7b2000-6b800000 rw-p 00000000 00:00 0          [stack:19930]
6b800000-6b847000 rw-p 00000000 00:00 0 
6b847000-6b900000 ---p 00000000 00:00 0 
6b94b000-6b94c000 ---p 00000000 00:00 0 
6b94c000-6b9cc000 rw-p 00000000 00:00 0          [stack:19924]
6b9cc000-6b9cf000 ---p 00000000 00:00 0 
6b9cf000-6ba4d000 rw-p 00000000 00:00 0          [stack:19919]
6ba4d000-6ba50000 ---p 00000000 00:00 0 
6ba50000-6bace000 rw-p 00000000 00:00 0          [stack:19914]
6bace000-6bc00000 r--p 0032d000 08:01 15999174   /usr/lib/locale/locale-archive
6bc00000-6be00000 r--p 00000000 08:01 15999174   /usr/lib/locale/locale-archive
6be00000-6be21000 rw-p 00000000 00:00 0 
6be21000-6bf00000 ---p 00000000 00:00 0 
6bf0d000-6bf10000 ---p 00000000 00:00 0 
6bf10000-6bf5e000 rw-p 00000000 00:00 0          [stack:19921]
6bf5e000-6bf61000 ---p 00000000 00:00 0 
6bf61000-6bfaf000 rw-p 00000000 00:00 0          [stack:19912]
6bfaf000-6bfb2000 ---p 00000000 00:00 0 
6bfb2000-6c000000 rw-p 00000000 00:00 0          [stack:19902]
6c000000-6c0f9000 rw-p 00000000 00:00 0 
6c0f9000-6c100000 ---p 00000000 00:00 0 
6c100000-6c1fc000 rw-p 00000000 00:00 0 
6c1fc000-6c200000 ---p 00000000 00:00 0 
6c22e000-6c231000 ---p 00000000 00:00 0 
6c231000-6c27f000 rw-p 00000000 00:00 0          [stack:19898]
6c27f000-6c280000 ---p 00000000 00:00 0 
6c280000-6c300000 rw-p 00000000 00:00 0          [stack:19894]
6c300000-6c4c0000 r--s 039fb000 08:01 16388476   /usr/local/jdk1.7.0_80/jre/lib/rt.jar
6c4c0000-6eb00000 rw-p 00000000 00:00 0 
6eb00000-6ebee000 rw-p 00000000 00:00 0 
6ebee000-6ec00000 ---p 00000000 00:00 0 
6ec00000-6ec15000 r-xp 00000000 08:01 16649161   /usr/local/jdk1.7.0_80/jre/lib/i386/libnet.so
6ec15000-6ec16000 rw-p 00015000 08:01 16649161   /usr/local/jdk1.7.0_80/jre/lib/i386/libnet.so
6ec16000-6ec24000 r-xp 00000000 08:01 16649136   /usr/local/jdk1.7.0_80/jre/lib/i386/libnio.so
6ec24000-6ec25000 rw-p 0000e000 08:01 16649136   /usr/local/jdk1.7.0_80/jre/lib/i386/libnio.so
6ec25000-6ec34000 r--s 000df000 00:1a 8000445    /home/fate/Android/Sdk/build-tools/23.0.0/lib/dx.jar
6ec34000-6ec7f000 rw-p 00000000 00:00 0 
6ec7f000-6ec80000 ---p 00000000 00:00 0 
6ec80000-6ed00000 rw-p 00000000 00:00 0          [stack:19893]
6ed00000-6ed21000 rw-p 00000000 00:00 0 
6ed21000-6ee00000 ---p 00000000 00:00 0 
6ee00000-6ee21000 rw-p 00000000 00:00 0 
6ee21000-6ef00000 ---p 00000000 00:00 0 
6ef0a000-6ef7f000 rw-p 00000000 00:00 0 
6ef7f000-6ef80000 ---p 00000000 00:00 0 
6ef80000-6f000000 rw-p 00000000 00:00 0          [stack:19891]
6f000000-6f02c000 rw-p 00000000 00:00 0 
6f02c000-6f100000 ---p 00000000 00:00 0 
6f107000-6f108000 ---p 00000000 00:00 0 
6f108000-6f188000 rw-p 00000000 00:00 0          [stack:19890]
6f188000-6f189000 ---p 00000000 00:00 0 
6f189000-6f21d000 rw-p 00000000 00:00 0          [stack:19881]
6f21d000-6f35f000 rw-p 00000000 00:00 0 
6f35f000-6f367000 rw-p 00000000 00:00 0 
6f367000-6f37f000 rw-p 00000000 00:00 0 
6f37f000-6f393000 rw-p 00000000 00:00 0 
6f393000-6f4d4000 rw-p 00000000 00:00 0 
6f4d4000-6f4fb000 rw-p 00000000 00:00 0 
6f4fb000-6f57f000 rw-p 00000000 00:00 0 
6f57f000-70580000 rw-p 00000000 00:00 0 
70580000-73580000 rw-p 00000000 00:00 0 
73580000-75d80000 rw-p 00000000 00:00 0 
75d80000-9e000000 rw-p 00000000 00:00 0 
9e000000-a2c80000 rw-p 00000000 00:00 0 
a6f67000-a70da000 rw-p 00000000 00:00 0 
a70da000-a7100000 r--p 00000000 08:01 17454158   /usr/share/locale-langpack/es/LC_MESSAGES/libc.mo
a7100000-b3580000 rw-p 00000000 00:00 0 
b3585000-b358c000 r--s 00000000 08:01 15997979   /usr/lib/i386-linux-gnu/gconv/gconv-modules.cache
b358c000-b3594000 rw-p 00000000 00:00 0 
b3594000-b35ac000 rw-p 00000000 00:00 0 
b35ac000-b35b5000 rw-p 00000000 00:00 0 
b35b5000-b366c000 rw-p 00000000 00:00 0 
b366c000-b38ac000 rwxp 00000000 00:00 0 
b38ac000-b666c000 rw-p 00000000 00:00 0 
b666c000-b6683000 r-xp 00000000 08:01 16649162   /usr/local/jdk1.7.0_80/jre/lib/i386/libzip.so
b6683000-b6684000 rw-p 00016000 08:01 16649162   /usr/local/jdk1.7.0_80/jre/lib/i386/libzip.so
b6684000-b668f000 r-xp 00000000 08:01 17826986   /lib/i386-linux-gnu/libnss_files-2.19.so
b668f000-b6690000 r--p 0000a000 08:01 17826986   /lib/i386-linux-gnu/libnss_files-2.19.so
b6690000-b6691000 rw-p 0000b000 08:01 17826986   /lib/i386-linux-gnu/libnss_files-2.19.so
b6691000-b669b000 r-xp 00000000 08:01 17826996   /lib/i386-linux-gnu/libnss_nis-2.19.so
b669b000-b669c000 r--p 00009000 08:01 17826996   /lib/i386-linux-gnu/libnss_nis-2.19.so
b669c000-b669d000 rw-p 0000a000 08:01 17826996   /lib/i386-linux-gnu/libnss_nis-2.19.so
b669d000-b66b2000 r-xp 00000000 08:01 17826980   /lib/i386-linux-gnu/libnsl-2.19.so
b66b2000-b66b3000 r--p 00015000 08:01 17826980   /lib/i386-linux-gnu/libnsl-2.19.so
b66b3000-b66b4000 rw-p 00016000 08:01 17826980   /lib/i386-linux-gnu/libnsl-2.19.so
b66b4000-b66b6000 rw-p 00000000 00:00 0 
b66b6000-b66bd000 r-xp 00000000 08:01 17826982   /lib/i386-linux-gnu/libnss_compat-2.19.so
b66bd000-b66be000 r--p 00006000 08:01 17826982   /lib/i386-linux-gnu/libnss_compat-2.19.so
b66be000-b66bf000 rw-p 00007000 08:01 17826982   /lib/i386-linux-gnu/libnss_compat-2.19.so
b66c2000-b66cb000 r--s 00083000 00:1a 7605373    /home/fate/repos/quiz/Quiz/app/build/intermediates/exploded-aar/com.android.support/appcompat-v7/23.0.0/jars/classes.jar
b66cb000-b66d3000 rw-s 00000000 08:01 6815787    /tmp/hsperfdata_fate/19853
b66d3000-b66f6000 r-xp 00000000 08:01 16649133   /usr/local/jdk1.7.0_80/jre/lib/i386/libjava.so
b66f6000-b66f7000 rw-p 00023000 08:01 16649133   /usr/local/jdk1.7.0_80/jre/lib/i386/libjava.so
b66f7000-b66fe000 r-xp 00000000 08:01 17827039   /lib/i386-linux-gnu/librt-2.19.so
b66fe000-b66ff000 r--p 00006000 08:01 17827039   /lib/i386-linux-gnu/librt-2.19.so
b66ff000-b6700000 rw-p 00007000 08:01 17827039   /lib/i386-linux-gnu/librt-2.19.so
b6700000-b67f6000 rw-p 00000000 00:00 0 
b67f6000-b6800000 ---p 00000000 00:00 0 
b6804000-b6807000 ---p 00000000 00:00 0 
b6807000-b6855000 rw-p 00000000 00:00 0          [stack:19877]
b6855000-b6899000 r-xp 00000000 08:01 17826961   /lib/i386-linux-gnu/libm-2.19.so
b6899000-b689a000 r--p 00043000 08:01 17826961   /lib/i386-linux-gnu/libm-2.19.so
b689a000-b689b000 rw-p 00044000 08:01 17826961   /lib/i386-linux-gnu/libm-2.19.so
b689b000-b7122000 r-xp 00000000 08:01 16649114   /usr/local/jdk1.7.0_80/jre/lib/i386/server/libjvm.so
b7122000-b7186000 rw-p 00886000 08:01 16649114   /usr/local/jdk1.7.0_80/jre/lib/i386/server/libjvm.so
b7186000-b75aa000 rw-p 00000000 00:00 0 
b75aa000-b7752000 r-xp 00000000 08:01 17826911   /lib/i386-linux-gnu/libc-2.19.so
b7752000-b7754000 r--p 001a8000 08:01 17826911   /lib/i386-linux-gnu/libc-2.19.so
b7754000-b7755000 rw-p 001aa000 08:01 17826911   /lib/i386-linux-gnu/libc-2.19.so
b7755000-b7758000 rw-p 00000000 00:00 0 
b7758000-b775b000 r-xp 00000000 08:01 17826928   /lib/i386-linux-gnu/libdl-2.19.so
b775b000-b775c000 r--p 00002000 08:01 17826928   /lib/i386-linux-gnu/libdl-2.19.so
b775c000-b775d000 rw-p 00003000 08:01 17826928   /lib/i386-linux-gnu/libdl-2.19.so
b775d000-b775e000 rw-p 00000000 00:00 0 
b775e000-b7772000 r-xp 00000000 08:01 16388414   /usr/local/jdk1.7.0_80/lib/i386/jli/libjli.so
b7772000-b7773000 rw-p 00013000 08:01 16388414   /usr/local/jdk1.7.0_80/lib/i386/jli/libjli.so
b7773000-b778b000 r-xp 00000000 08:01 17827031   /lib/i386-linux-gnu/libpthread-2.19.so
b778b000-b778c000 r--p 00018000 08:01 17827031   /lib/i386-linux-gnu/libpthread-2.19.so
b778c000-b778d000 rw-p 00019000 08:01 17827031   /lib/i386-linux-gnu/libpthread-2.19.so
b778d000-b778f000 rw-p 00000000 00:00 0 
b7793000-b7796000 rw-p 00000000 00:00 0 
b7796000-b7797000 ---p 00000000 00:00 0 
b7797000-b77a2000 r-xp 00000000 08:01 16649158   /usr/local/jdk1.7.0_80/jre/lib/i386/libverify.so
b77a2000-b77a3000 rw-p 0000b000 08:01 16649158   /usr/local/jdk1.7.0_80/jre/lib/i386/libverify.so
b77a3000-b77a5000 rw-p 00000000 00:00 0 
b77a5000-b77a7000 r--p 00000000 00:00 0          [vvar]
b77a7000-b77a9000 r-xp 00000000 00:00 0          [vdso]
b77a9000-b77c9000 r-xp 00000000 08:01 17826887   /lib/i386-linux-gnu/ld-2.19.so
b77c9000-b77ca000 r--p 0001f000 08:01 17826887   /lib/i386-linux-gnu/ld-2.19.so
b77ca000-b77cb000 rw-p 00020000 08:01 17826887   /lib/i386-linux-gnu/ld-2.19.so
bfc0f000-bfc10000 rwxp 00000000 00:00 0 
bfc42000-bfc63000 rw-p 00000000 00:00 0          [stack]

VM Arguments:
jvm_args: -Xmx1024M -Dfile.encoding=UTF-8 -Duser.country=AR -Duser.language=es -Duser.variant 
java_command: com.android.dx.command.Main --dex --num-threads=4 --output /home/fate/repos/quiz/Quiz/app/build/intermediates/pre-dexed/debug/classes-5879ec12a3a945767db042d25b58c2173f3d2730.jar /home/fate/repos/quiz/Quiz/app/build/intermediates/exploded-aar/com.android.support/appcompat-v7/23.0.0/jars/classes.jar
Launcher Type: SUN_STANDARD

Environment Variables:
PATH=/usr/local/sbin:/usr/local/bin:/usr/sbin:/usr/bin:/sbin:/bin:/usr/games:/usr/local/games
SHELL=/bin/bash
DISPLAY=:0

Signal Handlers:
SIGSEGV: [libjvm.so+0x7eb160], sa_mask[0]=0x7ffbfeff, sa_flags=0x10000004
SIGBUS: [libjvm.so+0x7eb160], sa_mask[0]=0x7ffbfeff, sa_flags=0x10000004
SIGFPE: [libjvm.so+0x684ac0], sa_mask[0]=0x7ffbfeff, sa_flags=0x10000004
SIGPIPE: [libjvm.so+0x684ac0], sa_mask[0]=0x7ffbfeff, sa_flags=0x10000004
SIGXFSZ: [libjvm.so+0x684ac0], sa_mask[0]=0x7ffbfeff, sa_flags=0x10000004
SIGILL: [libjvm.so+0x684ac0], sa_mask[0]=0x7ffbfeff, sa_flags=0x10000004
SIGUSR1: SIG_DFL, sa_mask[0]=0x00000000, sa_flags=0x00000000
SIGUSR2: [libjvm.so+0x686330], sa_mask[0]=0x00000004, sa_flags=0x10000004
SIGHUP: [libjvm.so+0x687660], sa_mask[0]=0x7ffbfeff, sa_flags=0x10000004
SIGINT: [libjvm.so+0x687660], sa_mask[0]=0x7ffbfeff, sa_flags=0x10000004
SIGTERM: [libjvm.so+0x687660], sa_mask[0]=0x7ffbfeff, sa_flags=0x10000004
SIGQUIT: [libjvm.so+0x687660], sa_mask[0]=0x7ffbfeff, sa_flags=0x10000004


---------------  S Y S T E M  ---------------

OS:jessie/sid

uname:Linux 3.19.0-26-generic #28~14.04.1-Ubuntu SMP Wed Aug 12 14:12:35 UTC 2015 i686
libc:glibc 2.19 NPTL 2.19 
rlimit: STACK 8192k, CORE 0k, NPROC 30514, NOFILE 4096, AS infinity
load average:14,99 4,12 1,57

/proc/meminfo:
MemTotal:        3934296 kB
MemFree:          302324 kB
MemAvailable:     253408 kB
Buffers:            2240 kB
Cached:           429872 kB
SwapCached:            0 kB
Active:          3087532 kB
Inactive:         411736 kB
Active(anon):    3082180 kB
Inactive(anon):   366180 kB
Active(file):       5352 kB
Inactive(file):    45556 kB
Unevictable:          32 kB
Mlocked:              32 kB
HighTotal:       3075328 kB
HighFree:          88464 kB
LowTotal:         858968 kB
LowFree:          213860 kB
SwapTotal:             0 kB
SwapFree:              0 kB
Dirty:               192 kB
Writeback:             0 kB
AnonPages:       3067536 kB
Mapped:           113252 kB
Shmem:            380856 kB
Slab:              78672 kB
SReclaimable:      35492 kB
SUnreclaim:        43180 kB
KernelStack:        4856 kB
PageTables:        15724 kB
NFS_Unstable:          0 kB
Bounce:                0 kB
WritebackTmp:          0 kB
CommitLimit:     1967148 kB
Committed_AS:    7182144 kB
VmallocTotal:     122880 kB
VmallocUsed:       29748 kB
VmallocChunk:      90648 kB
AnonHugePages:   1210368 kB
CmaTotal:              0 kB
CmaFree:               0 kB
HugePages_Total:       0
HugePages_Free:        0
HugePages_Rsvd:        0
HugePages_Surp:        0
Hugepagesize:       2048 kB
DirectMap4k:       63480 kB
DirectMap2M:      849920 kB


CPU:total 4 (2 cores per cpu, 2 threads per core) family 6 model 37 stepping 2, cmov, cx8, fxsr, mmx, sse, sse2, sse3, ssse3, sse4.1, sse4.2, popcnt, ht, tsc, tscinvbit

/proc/cpuinfo:
processor	: 0
vendor_id	: GenuineIntel
cpu family	: 6
model		: 37
model name	: Intel(R) Core(TM) i3 CPU       M 350  @ 2.27GHz
stepping	: 2
microcode	: 0x9
cpu MHz		: 2266.000
cache size	: 3072 KB
physical id	: 0
siblings	: 4
core id		: 0
cpu cores	: 2
apicid		: 0
initial apicid	: 0
fdiv_bug	: no
f00f_bug	: no
coma_bug	: no
fpu		: yes
fpu_exception	: yes
cpuid level	: 11
wp		: yes
flags		: fpu vme de pse tsc msr pae mce cx8 apic sep mtrr pge mca cmov pat pse36 clflush dts acpi mmx fxsr sse sse2 ss ht tm pbe nx rdtscp lm constant_tsc arch_perfmon pebs bts xtopology nonstop_tsc aperfmperf pni dtes64 monitor ds_cpl vmx est tm2 ssse3 cx16 xtpr pdcm sse4_1 sse4_2 popcnt lahf_lm arat dtherm tpr_shadow vnmi flexpriority ept vpid
bugs		:
bogomips	: 4522.38
clflush size	: 64
cache_alignment	: 64
address sizes	: 36 bits physical, 48 bits virtual
power management:

processor	: 1
vendor_id	: GenuineIntel
cpu family	: 6
model		: 37
model name	: Intel(R) Core(TM) i3 CPU       M 350  @ 2.27GHz
stepping	: 2
microcode	: 0x9
cpu MHz		: 2266.000
cache size	: 3072 KB
physical id	: 0
siblings	: 4
core id		: 0
cpu cores	: 2
apicid		: 1
initial apicid	: 1
fdiv_bug	: no
f00f_bug	: no
coma_bug	: no
fpu		: yes
fpu_exception	: yes
cpuid level	: 11
wp		: yes
flags		: fpu vme de pse tsc msr pae mce cx8 apic sep mtrr pge mca cmov pat pse36 clflush dts acpi mmx fxsr sse sse2 ss ht tm pbe nx rdtscp lm constant_tsc arch_perfmon pebs bts xtopology nonstop_tsc aperfmperf pni dtes64 monitor ds_cpl vmx est tm2 ssse3 cx16 xtpr pdcm sse4_1 sse4_2 popcnt lahf_lm arat dtherm tpr_shadow vnmi flexpriority ept vpid
bugs		:
bogomips	: 4522.38
clflush size	: 64
cache_alignment	: 64
address sizes	: 36 bits physical, 48 bits virtual
power management:

processor	: 2
vendor_id	: GenuineIntel
cpu family	: 6
model		: 37
model name	: Intel(R) Core(TM) i3 CPU       M 350  @ 2.27GHz
stepping	: 2
microcode	: 0x9
cpu MHz		: 2266.000
cache size	: 3072 KB
physical id	: 0
siblings	: 4
core id		: 2
cpu cores	: 2
apicid		: 4
initial apicid	: 4
fdiv_bug	: no
f00f_bug	: no
coma_bug	: no
fpu		: yes
fpu_exception	: yes
cpuid level	: 11
wp		: yes
flags		: fpu vme de pse tsc msr pae mce cx8 apic sep mtrr pge mca cmov pat pse36 clflush dts acpi mmx fxsr sse sse2 ss ht tm pbe nx rdtscp lm constant_tsc arch_perfmon pebs bts xtopology nonstop_tsc aperfmperf pni dtes64 monitor ds_cpl vmx est tm2 ssse3 cx16 xtpr pdcm sse4_1 sse4_2 popcnt lahf_lm arat dtherm tpr_shadow vnmi flexpriority ept vpid
bugs		:
bogomips	: 4522.38
clflush size	: 64
cache_alignment	: 64
address sizes	: 36 bits physical, 48 bits virtual
power management:

processor	: 3
vendor_id	: GenuineIntel
cpu family	: 6
model		: 37
model name	: Intel(R) Core(TM) i3 CPU       M 350  @ 2.27GHz
stepping	: 2
microcode	: 0x9
cpu MHz		: 2266.000
cache size	: 3072 KB
physical id	: 0
siblings	: 4
core id		: 2
cpu cores	: 2
apicid		: 5
initial apicid	: 5
fdiv_bug	: no
f00f_bug	: no
coma_bug	: no
fpu		: yes
fpu_exception	: yes
cpuid level	: 11
wp		: yes
flags		: fpu vme de pse tsc msr pae mce cx8 apic sep mtrr pge mca cmov pat pse36 clflush dts acpi mmx fxsr sse sse2 ss ht tm pbe nx rdtscp lm constant_tsc arch_perfmon pebs bts xtopology nonstop_tsc aperfmperf pni dtes64 monitor ds_cpl vmx est tm2 ssse3 cx16 xtpr pdcm sse4_1 sse4_2 popcnt lahf_lm arat dtherm tpr_shadow vnmi flexpriority ept vpid
bugs		:
bogomips	: 4522.38
clflush size	: 64
cache_alignment	: 64
address sizes	: 36 bits physical, 48 bits virtual
power management:



Memory: 4k page, physical 3934296k(302424k free), swap 0k(0k free)

vm_info: Java HotSpot(TM) Server VM (24.80-b11) for linux-x86 JRE (1.7.0_80-b15), built on Apr 10 2015 12:29:10 by "java_re" with gcc 4.3.0 20080428 (Red Hat 4.3.0-8)

time: Sun Sep 20 02:16:44 2015
elapsed time: 49 seconds

